----------------------------------------------------------------
Thu Oct 10 13:52:04 CEST 2019:
Booting Derby version The Apache Software Foundation - Apache Derby - 10.14.2.0 - (1828579): instance a816c00e-016d-b583-004e-000007afe800 
on database directory memory:/home/gussv375/Desktop/tdp024/PersonService/account-rest/testdb with class loader java.net.URLClassLoader@420cd102 
Loaded from file:/home/gussv375/.m2/repository/org/apache/derby/derby/10.14.2.0/derby-10.14.2.0.jar
java.vendor=Ubuntu
java.runtime.version=11.0.4+11-post-Ubuntu-1ubuntu218.04.3
user.dir=/home/gussv375/Desktop/tdp024/PersonService/account-rest
os.name=Linux
os.arch=amd64
os.version=4.15.0-65-generic
derby.system.home=null
Database Class Loader started - derby.database.classpath=''
----------------------------------------------------------------
Thu Oct 10 13:52:06 CEST 2019:
Booting Derby version The Apache Software Foundation - Apache Derby - 10.14.2.0 - (1828579): instance 070a00b0-016d-b583-004e-000007afe800 
on database directory memory:/home/gussv375/Desktop/tdp024/PersonService/account-rest/dataPU_embedded with class loader java.net.URLClassLoader@420cd102 
Loaded from file:/home/gussv375/.m2/repository/org/apache/derby/derby/10.14.2.0/derby-10.14.2.0.jar
java.vendor=Ubuntu
java.runtime.version=11.0.4+11-post-Ubuntu-1ubuntu218.04.3
user.dir=/home/gussv375/Desktop/tdp024/PersonService/account-rest
os.name=Linux
os.arch=amd64
os.version=4.15.0-65-generic
derby.system.home=null
Database Class Loader started - derby.database.classpath=''
